<?xml version="1.0" encoding="UTF-8"?>
<testsuite xmlns:xsi="http://www.w3.org/2001/XMLSchema-instance" xsi:noNamespaceSchemaLocation="https://maven.apache.org/surefire/maven-surefire-plugin/xsd/surefire-test-report-3.0.xsd" version="3.0" name="tp2.CoordenadaTest" time="0.082" tests="5" errors="0" skipped="0" failures="0">
  <properties>
[...]
</properties>
  <testcase name="test02CrearCoordenadaPosHorizontal2PosVertical4" classname="tp2.CoordenadaTest" time="0.011"/>
  <testcase name="test04Sumar2CoordenadasConPosicionesOpuestas" classname="tp2.CoordenadaTest" time="0"/>
  <testcase name="test01CrearCoordenadaEnElOrigen" classname="tp2.CoordenadaTest" time="0.001"/>
  <testcase name="test03Sumar2CoordenadasEnElOrigen" classname="tp2.CoordenadaTest" time="0"/>
  <testcase name="test04Sumar2CoordenadasConPosicionesNoOpuestas" classname="tp2.CoordenadaTest" time="0"/>
</testsuite>